<?xml version="1.0" encoding="UTF-8"?>
<testsuite name="com.team2final.minglecrm.MinglecrmApplicationTests" tests="1" skipped="0" failures="0" errors="0" timestamp="2024-05-07T16:22:21" hostname="LAPTOP-843E2Q55" time="0.536">
  <properties/>
  <testcase name="contextLoads()" classname="com.team2final.minglecrm.MinglecrmApplicationTests" time="0.536"/>
  <system-out><![CDATA[01:22:15.032 [Test worker] INFO org.springframework.test.context.support.AnnotationConfigContextLoaderUtils -- Could not detect default configuration classes for test class [com.team2final.minglecrm.MinglecrmApplicationTests]: MinglecrmApplicationTests does not declare any static, non-private, non-final, nested classes annotated with @Configuration.
01:22:15.179 [Test worker] INFO org.springframework.boot.test.context.SpringBootTestContextBootstrapper -- Found @SpringBootConfiguration com.team2final.minglecrm.MinglecrmApplication for test class com.team2final.minglecrm.MinglecrmApplicationTests

  .   ____          _            __ _ _
 /\\ / ___'_ __ _ _(_)_ __  __ _ \ \ \ \
( ( )\___ | '_ | '_| | '_ \/ _` | \ \ \ \
 \\/  ___)| |_)| | | | | || (_| |  ) ) ) )
  '  |____| .__|_| |_|_| |_\__, | / / / /
 =========|_|==============|___/=/_/_/_/
 :: Spring Boot ::                (v3.2.5)

2024-05-08T01:22:15.664+09:00  INFO 19656 --- [    Test worker] c.t.minglecrm.MinglecrmApplicationTests  : Starting MinglecrmApplicationTests using Java 17.0.10 with PID 19656 (started by Playdata in C:\encore\MINGLE-CRM\backend\minglecrm)
2024-05-08T01:22:15.665+09:00  INFO 19656 --- [    Test worker] c.t.minglecrm.MinglecrmApplicationTests  : No active profile set, falling back to 1 default profile: "default"
2024-05-08T01:22:16.386+09:00  INFO 19656 --- [    Test worker] .s.d.r.c.RepositoryConfigurationDelegate : Multiple Spring Data modules found, entering strict repository configuration mode
2024-05-08T01:22:16.387+09:00  INFO 19656 --- [    Test worker] .s.d.r.c.RepositoryConfigurationDelegate : Bootstrapping Spring Data Redis repositories in DEFAULT mode.
2024-05-08T01:22:16.417+09:00  INFO 19656 --- [    Test worker] .s.d.r.c.RepositoryConfigurationDelegate : Finished Spring Data repository scanning in 11 ms. Found 0 Redis repository interfaces.
2024-05-08T01:22:16.832+09:00  INFO 19656 --- [    Test worker] .s.d.r.c.RepositoryConfigurationDelegate : Multiple Spring Data modules found, entering strict repository configuration mode
2024-05-08T01:22:16.833+09:00  INFO 19656 --- [    Test worker] .s.d.r.c.RepositoryConfigurationDelegate : Bootstrapping Spring Data JPA repositories in DEFAULT mode.
2024-05-08T01:22:17.054+09:00  INFO 19656 --- [    Test worker] .s.d.r.c.RepositoryConfigurationDelegate : Finished Spring Data repository scanning in 216 ms. Found 3 JPA repository interfaces.
2024-05-08T01:22:17.064+09:00  INFO 19656 --- [    Test worker] .s.d.r.c.RepositoryConfigurationDelegate : Multiple Spring Data modules found, entering strict repository configuration mode
2024-05-08T01:22:17.064+09:00  INFO 19656 --- [    Test worker] .s.d.r.c.RepositoryConfigurationDelegate : Bootstrapping Spring Data Redis repositories in DEFAULT mode.
2024-05-08T01:22:17.081+09:00  INFO 19656 --- [    Test worker] .RepositoryConfigurationExtensionSupport : Spring Data Redis - Could not safely identify store assignment for repository candidate interface com.team2final.minglecrm.repository.CustomerRepository; If you want this repository to be a Redis repository, consider annotating your entities with one of these annotations: org.springframework.data.redis.core.RedisHash (preferred), or consider extending one of the following types with your repository: org.springframework.data.keyvalue.repository.KeyValueRepository
2024-05-08T01:22:17.081+09:00  INFO 19656 --- [    Test worker] .RepositoryConfigurationExtensionSupport : Spring Data Redis - Could not safely identify store assignment for repository candidate interface com.team2final.minglecrm.repository.CustomerRepositoryHP; If you want this repository to be a Redis repository, consider annotating your entities with one of these annotations: org.springframework.data.redis.core.RedisHash (preferred), or consider extending one of the following types with your repository: org.springframework.data.keyvalue.repository.KeyValueRepository
2024-05-08T01:22:17.081+09:00  INFO 19656 --- [    Test worker] .RepositoryConfigurationExtensionSupport : Spring Data Redis - Could not safely identify store assignment for repository candidate interface com.team2final.minglecrm.repository.UserRepository; If you want this repository to be a Redis repository, consider annotating your entities with one of these annotations: org.springframework.data.redis.core.RedisHash (preferred), or consider extending one of the following types with your repository: org.springframework.data.keyvalue.repository.KeyValueRepository
2024-05-08T01:22:17.081+09:00  INFO 19656 --- [    Test worker] .s.d.r.c.RepositoryConfigurationDelegate : Finished Spring Data repository scanning in 16 ms. Found 0 Redis repository interfaces.
2024-05-08T01:22:17.671+09:00  INFO 19656 --- [    Test worker] o.hibernate.jpa.internal.util.LogHelper  : HHH000204: Processing PersistenceUnitInfo [name: default]
2024-05-08T01:22:17.750+09:00  INFO 19656 --- [    Test worker] org.hibernate.Version                    : HHH000412: Hibernate ORM core version 6.4.4.Final
2024-05-08T01:22:17.810+09:00  INFO 19656 --- [    Test worker] o.h.c.internal.RegionFactoryInitiator    : HHH000026: Second-level cache disabled
2024-05-08T01:22:18.118+09:00  INFO 19656 --- [    Test worker] o.s.o.j.p.SpringPersistenceUnitInfo      : No LoadTimeWeaver setup: ignoring JPA class transformer
2024-05-08T01:22:18.162+09:00  INFO 19656 --- [    Test worker] com.zaxxer.hikari.HikariDataSource       : HikariPool-1 - Starting...
2024-05-08T01:22:18.315+09:00  INFO 19656 --- [    Test worker] com.zaxxer.hikari.pool.HikariPool        : HikariPool-1 - Added connection conn0: url=jdbc:h2:mem:mingledb user=SA
2024-05-08T01:22:18.317+09:00  INFO 19656 --- [    Test worker] com.zaxxer.hikari.HikariDataSource       : HikariPool-1 - Start completed.
2024-05-08T01:22:19.274+09:00  INFO 19656 --- [    Test worker] o.h.e.t.j.p.i.JtaPlatformInitiator       : HHH000489: No JTA platform available (set 'hibernate.transaction.jta.platform' to enable JTA platform integration)
Hibernate: drop table if exists customer cascade 
Hibernate: drop table if exists users cascade 
Hibernate: create table customer (birth date, id bigint generated by default as identity, last_consulation_date timestamp(6), register_date timestamp(6), user_id bigint, address varchar(255), customer_group varchar(255), gender varchar(255), memo varchar(255), name varchar(255), phone varchar(255), primary key (id))
Hibernate: create table users (deleted_yn boolean, id bigint generated by default as identity, last_consulation_date timestamp(6), register_date timestamp(6), authority varchar(255), email varchar(255), name varchar(255), password varchar(255), primary key (id))
Hibernate: alter table if exists customer add constraint FKra1cb3fu95r1a0m7aksow0nk4 foreign key (user_id) references users
2024-05-08T01:22:19.322+09:00  INFO 19656 --- [    Test worker] j.LocalContainerEntityManagerFactoryBean : Initialized JPA EntityManagerFactory for persistence unit 'default'
2024-05-08T01:22:20.056+09:00  INFO 19656 --- [    Test worker] o.s.d.j.r.query.QueryEnhancerFactory     : Hibernate is in classpath; If applicable, HQL parser will be used.
2024-05-08T01:22:20.638+09:00  WARN 19656 --- [    Test worker] JpaBaseConfiguration$JpaWebConfiguration : spring.jpa.open-in-view is enabled by default. Therefore, database queries may be performed during view rendering. Explicitly configure spring.jpa.open-in-view to disable this warning
2024-05-08T01:22:20.677+09:00  WARN 19656 --- [    Test worker] .s.s.UserDetailsServiceAutoConfiguration : 

Using generated security password: 8053e536-65f5-4415-8534-17eb6785cba7

This generated password is for development use only. Your security configuration must be updated before running your application in production.

2024-05-08T01:22:21.010+09:00  INFO 19656 --- [    Test worker] o.s.s.web.DefaultSecurityFilterChain     : Will secure any request with [org.springframework.security.web.session.DisableEncodeUrlFilter@3af4b14e, org.springframework.security.web.context.request.async.WebAsyncManagerIntegrationFilter@1de78f97, org.springframework.security.web.context.SecurityContextHolderFilter@a6e0e5f, org.springframework.security.web.header.HeaderWriterFilter@1b60c196, org.springframework.web.filter.CorsFilter@36b6ce5d, org.springframework.security.web.authentication.logout.LogoutFilter@3a07afe6, com.team2final.minglecrm.config.filter.JWTTokenAuthenticationFilter@1a4eb392, org.springframework.security.web.savedrequest.RequestCacheAwareFilter@3116e9d2, org.springframework.security.web.servletapi.SecurityContextHolderAwareRequestFilter@312eb, org.springframework.security.web.authentication.AnonymousAuthenticationFilter@52f1f54, org.springframework.security.web.session.SessionManagementFilter@fa200ab, org.springframework.security.web.access.ExceptionTranslationFilter@40eb85e9, org.springframework.security.web.access.intercept.AuthorizationFilter@45dc4d1a]
2024-05-08T01:22:21.549+09:00  INFO 19656 --- [    Test worker] c.t.minglecrm.MinglecrmApplicationTests  : Started MinglecrmApplicationTests in 6.17 seconds (process running for 7.558)
]]></system-out>
  <system-err><![CDATA[]]></system-err>
</testsuite>
